[27-Jun-2025 02:12:54 UTC] PHP Warning:  mysqli::__construct(): Error while reading greeting packet. PID=24084 in C:\xampp\htdocs\GhostCrew\auth_config.php on line 78
[27-Jun-2025 02:12:54 UTC] PHP Warning:  mysqli::__construct(): (HY000/2006): MySQL server has gone away in C:\xampp\htdocs\GhostCrew\auth_config.php on line 78
[27-Jun-2025 02:12:54 UTC] getAdminDB error: Admin database connection failed: MySQL server has gone away
[27-Jun-2025 02:12:54 UTC] Authentication check failed: Admin database connection failed: MySQL server has gone away
[27-Jun-2025 02:12:54 UTC] PHP Fatal error:  Uncaught Error: mysqli object is already closed in C:\xampp\htdocs\GhostCrew\auth_config.php:188
Stack trace:
#0 C:\xampp\htdocs\GhostCrew\auth_config.php(188): mysqli->prepare('SELECT user_id,...')
#1 C:\xampp\htdocs\GhostCrew\auth_config.php(263): isAuthenticated()
#2 C:\xampp\htdocs\GhostCrew\api\hosts.php(145): getCurrentUser()
#3 C:\xampp\htdocs\GhostCrew\api\hosts.php(12): getHosts()
#4 C:\xampp\htdocs\GhostCrew\api.php(49): require('C:\\xampp\\htdocs...')
#5 {main}
  thrown in C:\xampp\htdocs\GhostCrew\auth_config.php on line 188
[27-Jun-2025 02:12:58 UTC] PHP Warning:  mysqli::__construct(): (HY000/2002): No connection could be made because the target machine actively refused it in C:\xampp\htdocs\GhostCrew\auth_config.php on line 64
[27-Jun-2025 02:12:58 UTC] getAdminDB error: Cannot connect to MySQL server: No connection could be made because the target machine actively refused it
[27-Jun-2025 02:12:58 UTC] Authentication check failed: Cannot connect to MySQL server: No connection could be made because the target machine actively refused it
[27-Jun-2025 04:13:01 Europe/Berlin] PHP Warning:  mysqli::__construct(): (HY000/2002): No connection could be made because the target machine actively refused it in C:\xampp\htdocs\GhostCrew\config.php on line 16
[27-Jun-2025 02:13:02 UTC] PHP Warning:  mysqli::__construct(): (HY000/2002): No connection could be made because the target machine actively refused it in C:\xampp\htdocs\GhostCrew\auth_config.php on line 64
[27-Jun-2025 02:13:02 UTC] getAdminDB error: Cannot connect to MySQL server: No connection could be made because the target machine actively refused it
[27-Jun-2025 02:13:02 UTC] Authentication check failed: Cannot connect to MySQL server: No connection could be made because the target machine actively refused it
[27-Jun-2025 04:13:04 Europe/Berlin] PHP Warning:  mysqli::__construct(): (HY000/2002): No connection could be made because the target machine actively refused it in C:\xampp\htdocs\GhostCrew\config.php on line 16
[27-Jun-2025 02:13:06 UTC] PHP Warning:  mysqli::__construct(): (HY000/2002): No connection could be made because the target machine actively refused it in C:\xampp\htdocs\GhostCrew\auth_config.php on line 64
[27-Jun-2025 02:13:06 UTC] getAdminDB error: Cannot connect to MySQL server: No connection could be made because the target machine actively refused it
[27-Jun-2025 02:13:06 UTC] PHP Fatal error:  Uncaught Exception: Cannot connect to MySQL server: No connection could be made because the target machine actively refused it in C:\xampp\htdocs\GhostCrew\auth_config.php:66
Stack trace:
#0 C:\xampp\htdocs\GhostCrew\auth_config.php(267): getAdminDB()
#1 C:\xampp\htdocs\GhostCrew\api\hosts.php(145): getCurrentUser()
#2 C:\xampp\htdocs\GhostCrew\api\hosts.php(12): getHosts()
#3 C:\xampp\htdocs\GhostCrew\api.php(49): require('C:\\xampp\\htdocs...')
#4 {main}
  thrown in C:\xampp\htdocs\GhostCrew\auth_config.php on line 66
[27-Jun-2025 04:13:07 Europe/Berlin] PHP Warning:  mysqli::__construct(): (HY000/2002): No connection could be made because the target machine actively refused it in C:\xampp\htdocs\GhostCrew\config.php on line 16
[27-Jun-2025 04:13:10 Europe/Berlin] PHP Warning:  mysqli::__construct(): (HY000/2002): No connection could be made because the target machine actively refused it in C:\xampp\htdocs\GhostCrew\config.php on line 16
[27-Jun-2025 04:13:13 Europe/Berlin] PHP Warning:  mysqli::__construct(): (HY000/2002): No connection could be made because the target machine actively refused it in C:\xampp\htdocs\GhostCrew\config.php on line 16
[27-Jun-2025 04:13:16 Europe/Berlin] PHP Warning:  mysqli::__construct(): (HY000/2002): No connection could be made because the target machine actively refused it in C:\xampp\htdocs\GhostCrew\config.php on line 16
[27-Jun-2025 04:13:19 Europe/Berlin] PHP Warning:  mysqli::__construct(): (HY000/2002): No connection could be made because the target machine actively refused it in C:\xampp\htdocs\GhostCrew\config.php on line 16
[27-Jun-2025 04:13:22 Europe/Berlin] PHP Warning:  mysqli::__construct(): (HY000/2002): No connection could be made because the target machine actively refused it in C:\xampp\htdocs\GhostCrew\config.php on line 16
[27-Jun-2025 04:13:25 Europe/Berlin] PHP Warning:  mysqli::__construct(): (HY000/2002): No connection could be made because the target machine actively refused it in C:\xampp\htdocs\GhostCrew\config.php on line 16
[27-Jun-2025 04:13:28 Europe/Berlin] PHP Warning:  mysqli::__construct(): (HY000/2002): No connection could be made because the target machine actively refused it in C:\xampp\htdocs\GhostCrew\config.php on line 16
[27-Jun-2025 04:13:31 Europe/Berlin] PHP Warning:  mysqli::__construct(): (HY000/2002): No connection could be made because the target machine actively refused it in C:\xampp\htdocs\GhostCrew\config.php on line 16
[27-Jun-2025 04:13:34 Europe/Berlin] PHP Warning:  mysqli::__construct(): (HY000/2002): No connection could be made because the target machine actively refused it in C:\xampp\htdocs\GhostCrew\config.php on line 16
[27-Jun-2025 04:13:37 Europe/Berlin] PHP Warning:  mysqli::__construct(): (HY000/2002): No connection could be made because the target machine actively refused it in C:\xampp\htdocs\GhostCrew\config.php on line 16
[27-Jun-2025 04:13:40 Europe/Berlin] PHP Warning:  mysqli::__construct(): (HY000/2002): No connection could be made because the target machine actively refused it in C:\xampp\htdocs\GhostCrew\config.php on line 16
[27-Jun-2025 04:13:43 Europe/Berlin] PHP Warning:  mysqli::__construct(): (HY000/2002): No connection could be made because the target machine actively refused it in C:\xampp\htdocs\GhostCrew\config.php on line 16
[27-Jun-2025 04:13:46 Europe/Berlin] PHP Warning:  mysqli::__construct(): (HY000/2002): No connection could be made because the target machine actively refused it in C:\xampp\htdocs\GhostCrew\config.php on line 16
[27-Jun-2025 04:13:49 Europe/Berlin] PHP Warning:  mysqli::__construct(): (HY000/2002): No connection could be made because the target machine actively refused it in C:\xampp\htdocs\GhostCrew\config.php on line 16
[27-Jun-2025 04:13:52 Europe/Berlin] PHP Warning:  mysqli::__construct(): (HY000/2002): No connection could be made because the target machine actively refused it in C:\xampp\htdocs\GhostCrew\config.php on line 16
[27-Jun-2025 04:13:55 Europe/Berlin] PHP Warning:  mysqli::__construct(): (HY000/2002): No connection could be made because the target machine actively refused it in C:\xampp\htdocs\GhostCrew\config.php on line 16
[27-Jun-2025 04:13:58 Europe/Berlin] PHP Warning:  mysqli::__construct(): (HY000/2002): No connection could be made because the target machine actively refused it in C:\xampp\htdocs\GhostCrew\config.php on line 16
[27-Jun-2025 04:14:01 Europe/Berlin] PHP Warning:  mysqli::__construct(): (HY000/2002): No connection could be made because the target machine actively refused it in C:\xampp\htdocs\GhostCrew\config.php on line 16
[27-Jun-2025 04:14:04 Europe/Berlin] PHP Warning:  mysqli::__construct(): (HY000/2002): No connection could be made because the target machine actively refused it in C:\xampp\htdocs\GhostCrew\config.php on line 16
[27-Jun-2025 04:14:07 Europe/Berlin] PHP Warning:  mysqli::__construct(): (HY000/2002): No connection could be made because the target machine actively refused it in C:\xampp\htdocs\GhostCrew\config.php on line 16
[27-Jun-2025 04:14:10 Europe/Berlin] PHP Warning:  mysqli::__construct(): (HY000/2002): No connection could be made because the target machine actively refused it in C:\xampp\htdocs\GhostCrew\config.php on line 16
[27-Jun-2025 04:14:13 Europe/Berlin] PHP Warning:  mysqli::__construct(): (HY000/2002): No connection could be made because the target machine actively refused it in C:\xampp\htdocs\GhostCrew\config.php on line 16
[27-Jun-2025 04:14:16 Europe/Berlin] PHP Warning:  mysqli::__construct(): (HY000/2002): No connection could be made because the target machine actively refused it in C:\xampp\htdocs\GhostCrew\config.php on line 16
[27-Jun-2025 04:14:19 Europe/Berlin] PHP Warning:  mysqli::__construct(): (HY000/2002): No connection could be made because the target machine actively refused it in C:\xampp\htdocs\GhostCrew\config.php on line 16
[27-Jun-2025 04:14:22 Europe/Berlin] PHP Warning:  mysqli::__construct(): (HY000/2002): No connection could be made because the target machine actively refused it in C:\xampp\htdocs\GhostCrew\config.php on line 16
[27-Jun-2025 04:14:25 Europe/Berlin] PHP Warning:  mysqli::__construct(): (HY000/2002): No connection could be made because the target machine actively refused it in C:\xampp\htdocs\GhostCrew\config.php on line 16
[27-Jun-2025 04:14:28 Europe/Berlin] PHP Warning:  mysqli::__construct(): (HY000/2002): No connection could be made because the target machine actively refused it in C:\xampp\htdocs\GhostCrew\config.php on line 16
[27-Jun-2025 04:14:31 Europe/Berlin] PHP Warning:  mysqli::__construct(): (HY000/2002): No connection could be made because the target machine actively refused it in C:\xampp\htdocs\GhostCrew\config.php on line 16
[27-Jun-2025 04:14:34 Europe/Berlin] PHP Warning:  mysqli::__construct(): (HY000/2002): No connection could be made because the target machine actively refused it in C:\xampp\htdocs\GhostCrew\config.php on line 16
[27-Jun-2025 04:14:37 Europe/Berlin] PHP Warning:  mysqli::__construct(): (HY000/2002): No connection could be made because the target machine actively refused it in C:\xampp\htdocs\GhostCrew\config.php on line 16
[27-Jun-2025 04:14:40 Europe/Berlin] PHP Warning:  mysqli::__construct(): (HY000/2002): No connection could be made because the target machine actively refused it in C:\xampp\htdocs\GhostCrew\config.php on line 16
[27-Jun-2025 04:14:43 Europe/Berlin] PHP Warning:  mysqli::__construct(): (HY000/2002): No connection could be made because the target machine actively refused it in C:\xampp\htdocs\GhostCrew\config.php on line 16
[27-Jun-2025 04:14:46 Europe/Berlin] PHP Warning:  mysqli::__construct(): (HY000/2002): No connection could be made because the target machine actively refused it in C:\xampp\htdocs\GhostCrew\config.php on line 16
[27-Jun-2025 04:14:49 Europe/Berlin] PHP Warning:  mysqli::__construct(): (HY000/2002): No connection could be made because the target machine actively refused it in C:\xampp\htdocs\GhostCrew\config.php on line 16
[27-Jun-2025 04:14:52 Europe/Berlin] PHP Warning:  mysqli::__construct(): (HY000/2002): No connection could be made because the target machine actively refused it in C:\xampp\htdocs\GhostCrew\config.php on line 16
[27-Jun-2025 04:14:55 Europe/Berlin] PHP Warning:  mysqli::__construct(): (HY000/2002): No connection could be made because the target machine actively refused it in C:\xampp\htdocs\GhostCrew\config.php on line 16
[27-Jun-2025 04:14:58 Europe/Berlin] PHP Warning:  mysqli::__construct(): (HY000/2002): No connection could be made because the target machine actively refused it in C:\xampp\htdocs\GhostCrew\config.php on line 16
[27-Jun-2025 04:15:01 Europe/Berlin] PHP Warning:  mysqli::__construct(): (HY000/2002): No connection could be made because the target machine actively refused it in C:\xampp\htdocs\GhostCrew\config.php on line 16
[27-Jun-2025 04:15:04 Europe/Berlin] PHP Warning:  mysqli::__construct(): (HY000/2002): No connection could be made because the target machine actively refused it in C:\xampp\htdocs\GhostCrew\config.php on line 16
[27-Jun-2025 04:15:07 Europe/Berlin] PHP Warning:  mysqli::__construct(): (HY000/2002): No connection could be made because the target machine actively refused it in C:\xampp\htdocs\GhostCrew\config.php on line 16
[27-Jun-2025 04:15:10 Europe/Berlin] PHP Warning:  mysqli::__construct(): (HY000/2002): No connection could be made because the target machine actively refused it in C:\xampp\htdocs\GhostCrew\config.php on line 16
[27-Jun-2025 04:15:13 Europe/Berlin] PHP Warning:  mysqli::__construct(): (HY000/2002): No connection could be made because the target machine actively refused it in C:\xampp\htdocs\GhostCrew\config.php on line 16
[27-Jun-2025 04:15:16 Europe/Berlin] PHP Warning:  mysqli::__construct(): (HY000/2002): No connection could be made because the target machine actively refused it in C:\xampp\htdocs\GhostCrew\config.php on line 16
[27-Jun-2025 04:15:19 Europe/Berlin] PHP Warning:  mysqli::__construct(): (HY000/2002): No connection could be made because the target machine actively refused it in C:\xampp\htdocs\GhostCrew\config.php on line 16
[27-Jun-2025 04:15:22 Europe/Berlin] PHP Warning:  mysqli::__construct(): (HY000/2002): No connection could be made because the target machine actively refused it in C:\xampp\htdocs\GhostCrew\config.php on line 16
[27-Jun-2025 04:15:25 Europe/Berlin] PHP Warning:  mysqli::__construct(): (HY000/2002): No connection could be made because the target machine actively refused it in C:\xampp\htdocs\GhostCrew\config.php on line 16
[27-Jun-2025 04:15:28 Europe/Berlin] PHP Warning:  mysqli::__construct(): (HY000/2002): No connection could be made because the target machine actively refused it in C:\xampp\htdocs\GhostCrew\config.php on line 16
[27-Jun-2025 04:15:31 Europe/Berlin] PHP Warning:  mysqli::__construct(): (HY000/2002): No connection could be made because the target machine actively refused it in C:\xampp\htdocs\GhostCrew\config.php on line 16
[27-Jun-2025 04:15:34 Europe/Berlin] PHP Warning:  mysqli::__construct(): (HY000/2002): No connection could be made because the target machine actively refused it in C:\xampp\htdocs\GhostCrew\config.php on line 16
[27-Jun-2025 04:16:32 Europe/Berlin] PHP Warning:  mysqli::__construct(): (HY000/2002): No connection could be made because the target machine actively refused it in C:\xampp\htdocs\GhostCrew\config.php on line 16
[27-Jun-2025 04:17:32 Europe/Berlin] PHP Warning:  mysqli::__construct(): (HY000/2002): No connection could be made because the target machine actively refused it in C:\xampp\htdocs\GhostCrew\config.php on line 16
[27-Jun-2025 04:18:32 Europe/Berlin] PHP Warning:  mysqli::__construct(): (HY000/2002): No connection could be made because the target machine actively refused it in C:\xampp\htdocs\GhostCrew\config.php on line 16
[27-Jun-2025 04:18:43 Europe/Berlin] PHP Warning:  mysqli::__construct(): (HY000/2002): No connection could be made because the target machine actively refused it in C:\xampp\htdocs\GhostCrew\config.php on line 16
[27-Jun-2025 04:18:46 Europe/Berlin] PHP Warning:  mysqli::__construct(): (HY000/2002): No connection could be made because the target machine actively refused it in C:\xampp\htdocs\GhostCrew\config.php on line 16
